<?xml version="1.0" encoding="UTF-8"?>
<!-- Generated by org.testng.reporters.JUnitReportReporter -->
<testsuite hostname="saurabhs-MacBook-Air.local" failures="0" tests="1" name="basetest" time="7.484" errors="0" timestamp="2022-06-02T18:04:22 IST" skipped="0">
  <testcase classname="basetest" name="launch" time="7.484"/>
  <system-out/>
</testsuite> <!-- basetest -->
